Using device: cuda
Loading training data...
loading annotations into memory...
Done (t=5.65s)
creating index...
index created!
Loading validation data...
loading annotations into memory...
Done (t=0.22s)
creating index...
index created!
loading annotations into memory...
Done (t=0.16s)
creating index...
index created!

--- Epoch 1/20 ---
  Batch 100/4682, Loss: 6705.5190
  Batch 200/4682, Loss: 2401.3018
  Batch 300/4682, Loss: 1515.3333
  Batch 400/4682, Loss: 883.3467
  Batch 500/4682, Loss: 891.2022
  Batch 600/4682, Loss: 781.2425
  Batch 700/4682, Loss: 654.0846
  Batch 800/4682, Loss: 926.0332
  Batch 900/4682, Loss: 583.4633
  Batch 1000/4682, Loss: 1160.7299
  Batch 1100/4682, Loss: 786.4179
  Batch 1200/4682, Loss: 911.7173
  Batch 1300/4682, Loss: 712.1365
  Batch 1400/4682, Loss: 877.7297
  Batch 1500/4682, Loss: 795.2104
  Batch 1600/4682, Loss: 690.8035
  Batch 1700/4682, Loss: 707.9185
  Batch 1800/4682, Loss: 832.7092
  Batch 1900/4682, Loss: 549.3498
  Batch 2000/4682, Loss: 771.9487
  Batch 2100/4682, Loss: 397.8369
  Batch 2200/4682, Loss: 740.2932
  Batch 2300/4682, Loss: 538.5065
  Batch 2400/4682, Loss: 409.1757
  Batch 2500/4682, Loss: 788.4970
  Batch 2600/4682, Loss: 551.2102
  Batch 2700/4682, Loss: 380.0029
  Batch 2800/4682, Loss: 452.1274
  Batch 2900/4682, Loss: 687.1599
  Batch 3000/4682, Loss: 635.0720
  Batch 3100/4682, Loss: 473.4539
  Batch 3200/4682, Loss: 471.5680
  Batch 3300/4682, Loss: 1040.2118
  Batch 3400/4682, Loss: 818.5786
  Batch 3500/4682, Loss: 682.9831
  Batch 3600/4682, Loss: 388.6374
  Batch 3700/4682, Loss: 330.5980
  Batch 3800/4682, Loss: 657.2902
  Batch 3900/4682, Loss: 370.6443
  Batch 4000/4682, Loss: 286.6977
  Batch 4100/4682, Loss: 385.1538
  Batch 4200/4682, Loss: 285.9445
  Batch 4300/4682, Loss: 346.9620
  Batch 4400/4682, Loss: 443.6866
  Batch 4500/4682, Loss: 515.4109
  Batch 4600/4682, Loss: 713.5638
Epoch 1 Average Training Loss: 943.5470
Evaluating on validation set...
Loading and preparing results...
DONE (t=0.20s)
creating index...
index created!
Running per image evaluation...
Evaluate annotation type *keypoints*
DONE (t=2.07s).
Accumulating evaluation results...
DONE (t=0.05s).
 Average Precision  (AP) @[ IoU=0.50:0.95 | area=   all | maxDets= 20 ] = 0.029
 Average Precision  (AP) @[ IoU=0.50      | area=   all | maxDets= 20 ] = 0.128
 Average Precision  (AP) @[ IoU=0.75      | area=   all | maxDets= 20 ] = 0.003
 Average Precision  (AP) @[ IoU=0.50:0.95 | area=medium | maxDets= 20 ] = 0.025
 Average Precision  (AP) @[ IoU=0.50:0.95 | area= large | maxDets= 20 ] = 0.042
 Average Recall     (AR) @[ IoU=0.50:0.95 | area=   all | maxDets= 20 ] = 0.102
 Average Recall     (AR) @[ IoU=0.50      | area=   all | maxDets= 20 ] = 0.327
 Average Recall     (AR) @[ IoU=0.75      | area=   all | maxDets= 20 ] = 0.038
 Average Recall     (AR) @[ IoU=0.50:0.95 | area=medium | maxDets= 20 ] = 0.092
 Average Recall     (AR) @[ IoU=0.50:0.95 | area= large | maxDets= 20 ] = 0.117
Epoch 1 Validation AP: 0.0294
New best model found! Saving to 'deeppose_best.pth'

--- Epoch 2/20 ---
  Batch 100/4682, Loss: 655.5882
  Batch 200/4682, Loss: 330.6391
  Batch 300/4682, Loss: 407.4005
  Batch 400/4682, Loss: 479.0296
  Batch 500/4682, Loss: 421.9154
  Batch 600/4682, Loss: 490.5720
  Batch 700/4682, Loss: 607.0549
  Batch 800/4682, Loss: 541.2212
  Batch 900/4682, Loss: 361.9203
  Batch 1000/4682, Loss: 591.0022
  Batch 1100/4682, Loss: 285.2259
  Batch 1200/4682, Loss: 444.7350
  Batch 1300/4682, Loss: 407.2924
  Batch 1400/4682, Loss: 582.1451
  Batch 1500/4682, Loss: 386.3990
  Batch 1600/4682, Loss: 342.8911
  Batch 1700/4682, Loss: 422.0859
  Batch 1800/4682, Loss: 246.9440
  Batch 1900/4682, Loss: 414.1910
  Batch 2000/4682, Loss: 273.7706
  Batch 2100/4682, Loss: 355.2160
  Batch 2200/4682, Loss: 313.7421
  Batch 2300/4682, Loss: 402.7826
  Batch 2400/4682, Loss: 305.0424
  Batch 2500/4682, Loss: 364.0806
  Batch 2600/4682, Loss: 362.9177
  Batch 2700/4682, Loss: 330.4307
  Batch 2800/4682, Loss: 314.9807
  Batch 2900/4682, Loss: 447.0634
  Batch 3000/4682, Loss: 311.6859
  Batch 3100/4682, Loss: 342.6008
  Batch 3200/4682, Loss: 397.1647
  Batch 3300/4682, Loss: 237.7167
  Batch 3400/4682, Loss: 298.6672
  Batch 3500/4682, Loss: 424.7707
  Batch 3600/4682, Loss: 360.3963
  Batch 3700/4682, Loss: 449.8891
  Batch 3800/4682, Loss: 188.7013
  Batch 3900/4682, Loss: 271.9378
  Batch 4000/4682, Loss: 268.4005
  Batch 4100/4682, Loss: 311.8548
  Batch 4200/4682, Loss: 432.3895
  Batch 4300/4682, Loss: 417.6031
  Batch 4400/4682, Loss: 254.5242
  Batch 4500/4682, Loss: 329.1179
  Batch 4600/4682, Loss: 283.3348
Epoch 2 Average Training Loss: 384.5696
Evaluating on validation set...
Loading and preparing results...
DONE (t=0.20s)
creating index...
index created!
Running per image evaluation...
Evaluate annotation type *keypoints*
DONE (t=2.09s).
Accumulating evaluation results...
DONE (t=0.05s).
 Average Precision  (AP) @[ IoU=0.50:0.95 | area=   all | maxDets= 20 ] = 0.072
 Average Precision  (AP) @[ IoU=0.50      | area=   all | maxDets= 20 ] = 0.276
 Average Precision  (AP) @[ IoU=0.75      | area=   all | maxDets= 20 ] = 0.014
 Average Precision  (AP) @[ IoU=0.50:0.95 | area=medium | maxDets= 20 ] = 0.069
 Average Precision  (AP) @[ IoU=0.50:0.95 | area= large | maxDets= 20 ] = 0.086
 Average Recall     (AR) @[ IoU=0.50:0.95 | area=   all | maxDets= 20 ] = 0.178
 Average Recall     (AR) @[ IoU=0.50      | area=   all | maxDets= 20 ] = 0.483
 Average Recall     (AR) @[ IoU=0.75      | area=   all | maxDets= 20 ] = 0.099
 Average Recall     (AR) @[ IoU=0.50:0.95 | area=medium | maxDets= 20 ] = 0.165
 Average Recall     (AR) @[ IoU=0.50:0.95 | area= large | maxDets= 20 ] = 0.197
Epoch 2 Validation AP: 0.0722
New best model found! Saving to 'deeppose_best.pth'

--- Epoch 3/20 ---
  Batch 100/4682, Loss: 247.6121
  Batch 200/4682, Loss: 314.3422
  Batch 300/4682, Loss: 439.6635
  Batch 400/4682, Loss: 179.5402
  Batch 500/4682, Loss: 538.1484
  Batch 600/4682, Loss: 241.3618
  Batch 700/4682, Loss: 192.4397
  Batch 800/4682, Loss: 238.4423
  Batch 900/4682, Loss: 232.1464
  Batch 1000/4682, Loss: 313.5468
  Batch 1100/4682, Loss: 207.5932
  Batch 1200/4682, Loss: 274.9133
  Batch 1300/4682, Loss: 355.0795
  Batch 1400/4682, Loss: 226.5264
  Batch 1500/4682, Loss: 372.2994
  Batch 1600/4682, Loss: 295.0289
  Batch 1700/4682, Loss: 255.3863
  Batch 1800/4682, Loss: 253.8487
  Batch 1900/4682, Loss: 253.9839
  Batch 2000/4682, Loss: 356.4801
  Batch 2100/4682, Loss: 400.5517
  Batch 2200/4682, Loss: 310.5873
  Batch 2300/4682, Loss: 454.1487
  Batch 2400/4682, Loss: 372.7494
  Batch 2500/4682, Loss: 271.0135
  Batch 2600/4682, Loss: 333.9108
  Batch 2700/4682, Loss: 317.6743
  Batch 2800/4682, Loss: 344.7578
  Batch 2900/4682, Loss: 244.2978
  Batch 3000/4682, Loss: 379.5100
  Batch 3100/4682, Loss: 310.8918
  Batch 3200/4682, Loss: 332.9960
  Batch 3300/4682, Loss: 353.7603
  Batch 3400/4682, Loss: 376.1245
  Batch 3500/4682, Loss: 275.4816
  Batch 3600/4682, Loss: 319.6364
  Batch 3700/4682, Loss: 360.7289
  Batch 3800/4682, Loss: 190.3109
  Batch 3900/4682, Loss: 243.9650
  Batch 4000/4682, Loss: 270.4958
  Batch 4100/4682, Loss: 218.4858
  Batch 4200/4682, Loss: 598.2199
  Batch 4300/4682, Loss: 282.9379
  Batch 4400/4682, Loss: 258.2150
  Batch 4500/4682, Loss: 257.2860
  Batch 4600/4682, Loss: 309.7118
Epoch 3 Average Training Loss: 300.1992
Evaluating on validation set...
Loading and preparing results...
DONE (t=0.21s)
creating index...
index created!
Running per image evaluation...
Evaluate annotation type *keypoints*
DONE (t=2.07s).
Accumulating evaluation results...
DONE (t=0.05s).
 Average Precision  (AP) @[ IoU=0.50:0.95 | area=   all | maxDets= 20 ] = 0.092
 Average Precision  (AP) @[ IoU=0.50      | area=   all | maxDets= 20 ] = 0.340
 Average Precision  (AP) @[ IoU=0.75      | area=   all | maxDets= 20 ] = 0.019
 Average Precision  (AP) @[ IoU=0.50:0.95 | area=medium | maxDets= 20 ] = 0.088
 Average Precision  (AP) @[ IoU=0.50:0.95 | area= large | maxDets= 20 ] = 0.108
 Average Recall     (AR) @[ IoU=0.50:0.95 | area=   all | maxDets= 20 ] = 0.207
 Average Recall     (AR) @[ IoU=0.50      | area=   all | maxDets= 20 ] = 0.545
 Average Recall     (AR) @[ IoU=0.75      | area=   all | maxDets= 20 ] = 0.119
 Average Recall     (AR) @[ IoU=0.50:0.95 | area=medium | maxDets= 20 ] = 0.193
 Average Recall     (AR) @[ IoU=0.50:0.95 | area= large | maxDets= 20 ] = 0.226
Epoch 3 Validation AP: 0.0924
New best model found! Saving to 'deeppose_best.pth'

--- Epoch 4/20 ---
  Batch 100/4682, Loss: 354.7471
  Batch 200/4682, Loss: 148.9762
  Batch 300/4682, Loss: 214.4887
  Batch 400/4682, Loss: 292.9923
  Batch 500/4682, Loss: 240.5536
  Batch 600/4682, Loss: 179.2873
  Batch 700/4682, Loss: 139.0499
  Batch 800/4682, Loss: 140.8204
  Batch 900/4682, Loss: 306.1463
  Batch 1000/4682, Loss: 244.9158
  Batch 1100/4682, Loss: 232.4654
  Batch 1200/4682, Loss: 155.6109
  Batch 1300/4682, Loss: 240.5118
  Batch 1400/4682, Loss: 279.3968
  Batch 1500/4682, Loss: 250.5264
  Batch 1600/4682, Loss: 378.9663
  Batch 1700/4682, Loss: 208.5832
  Batch 1800/4682, Loss: 307.3715
  Batch 1900/4682, Loss: 198.6404
  Batch 2000/4682, Loss: 241.2956
  Batch 2100/4682, Loss: 243.4961
  Batch 2200/4682, Loss: 224.1270
  Batch 2300/4682, Loss: 224.4740
  Batch 2400/4682, Loss: 250.0271
  Batch 2500/4682, Loss: 204.8797
  Batch 2600/4682, Loss: 154.9892
  Batch 2700/4682, Loss: 206.1644
  Batch 2800/4682, Loss: 471.5018
  Batch 2900/4682, Loss: 132.5155
  Batch 3000/4682, Loss: 223.5042
  Batch 3100/4682, Loss: 277.9779
  Batch 3200/4682, Loss: 178.5627
  Batch 3300/4682, Loss: 176.4243
  Batch 3400/4682, Loss: 438.8755
  Batch 3500/4682, Loss: 244.9560
  Batch 3600/4682, Loss: 216.0113
  Batch 3700/4682, Loss: 179.4257
  Batch 3800/4682, Loss: 802.3245
  Batch 3900/4682, Loss: 187.6925
  Batch 4000/4682, Loss: 229.9185
  Batch 4100/4682, Loss: 184.8599
  Batch 4200/4682, Loss: 389.5130
  Batch 4300/4682, Loss: 240.0849
  Batch 4400/4682, Loss: 214.5788
  Batch 4500/4682, Loss: 416.7493
  Batch 4600/4682, Loss: 268.7124
Epoch 4 Average Training Loss: 246.2420
Evaluating on validation set...
Loading and preparing results...
DONE (t=0.21s)
creating index...
index created!
Running per image evaluation...
Evaluate annotation type *keypoints*
DONE (t=2.08s).
Accumulating evaluation results...
DONE (t=0.05s).
 Average Precision  (AP) @[ IoU=0.50:0.95 | area=   all | maxDets= 20 ] = 0.112
 Average Precision  (AP) @[ IoU=0.50      | area=   all | maxDets= 20 ] = 0.384
 Average Precision  (AP) @[ IoU=0.75      | area=   all | maxDets= 20 ] = 0.033
 Average Precision  (AP) @[ IoU=0.50:0.95 | area=medium | maxDets= 20 ] = 0.097
 Average Precision  (AP) @[ IoU=0.50:0.95 | area= large | maxDets= 20 ] = 0.144
 Average Recall     (AR) @[ IoU=0.50:0.95 | area=   all | maxDets= 20 ] = 0.234
 Average Recall     (AR) @[ IoU=0.50      | area=   all | maxDets= 20 ] = 0.585
 Average Recall     (AR) @[ IoU=0.75      | area=   all | maxDets= 20 ] = 0.156
 Average Recall     (AR) @[ IoU=0.50:0.95 | area=medium | maxDets= 20 ] = 0.201
 Average Recall     (AR) @[ IoU=0.50:0.95 | area= large | maxDets= 20 ] = 0.279
Epoch 4 Validation AP: 0.1120
New best model found! Saving to 'deeppose_best.pth'

--- Epoch 5/20 ---
  Batch 100/4682, Loss: 170.7952
  Batch 200/4682, Loss: 229.5397
  Batch 300/4682, Loss: 186.4742
  Batch 400/4682, Loss: 130.6925
  Batch 500/4682, Loss: 125.8046
  Batch 600/4682, Loss: 388.1757
  Batch 700/4682, Loss: 170.1853
  Batch 800/4682, Loss: 131.1172
  Batch 900/4682, Loss: 147.5456
  Batch 1000/4682, Loss: 164.0661
  Batch 1100/4682, Loss: 180.3904
  Batch 1200/4682, Loss: 190.0795
  Batch 1300/4682, Loss: 213.4032
  Batch 1400/4682, Loss: 259.5341
  Batch 1500/4682, Loss: 224.3159
  Batch 1600/4682, Loss: 254.9405
  Batch 1700/4682, Loss: 160.9447
  Batch 1800/4682, Loss: 238.6944
  Batch 1900/4682, Loss: 226.5492
  Batch 2000/4682, Loss: 288.7036
  Batch 2100/4682, Loss: 155.1668
  Batch 2200/4682, Loss: 199.5636
  Batch 2300/4682, Loss: 104.7597
  Batch 2400/4682, Loss: 417.3189
  Batch 2500/4682, Loss: 232.6670
  Batch 2600/4682, Loss: 137.3582
  Batch 2700/4682, Loss: 205.9537
  Batch 2800/4682, Loss: 99.7330
  Batch 2900/4682, Loss: 158.5740
  Batch 3000/4682, Loss: 406.5231
  Batch 3100/4682, Loss: 137.4253
  Batch 3200/4682, Loss: 220.9174
  Batch 3300/4682, Loss: 178.9607
  Batch 3400/4682, Loss: 204.7108
  Batch 3500/4682, Loss: 235.7928
  Batch 3600/4682, Loss: 192.6855
  Batch 3700/4682, Loss: 267.1166
  Batch 3800/4682, Loss: 223.5219
  Batch 3900/4682, Loss: 141.0285
  Batch 4000/4682, Loss: 213.3905
  Batch 4100/4682, Loss: 248.7488
  Batch 4200/4682, Loss: 136.1015
  Batch 4300/4682, Loss: 114.5298
  Batch 4400/4682, Loss: 151.1303
  Batch 4500/4682, Loss: 168.6554
  Batch 4600/4682, Loss: 159.1461
Epoch 5 Average Training Loss: 208.4896
Evaluating on validation set...
Loading and preparing results...
DONE (t=0.20s)
creating index...
index created!
Running per image evaluation...
Evaluate annotation type *keypoints*
DONE (t=2.08s).
Accumulating evaluation results...
DONE (t=0.05s).
 Average Precision  (AP) @[ IoU=0.50:0.95 | area=   all | maxDets= 20 ] = 0.136
 Average Precision  (AP) @[ IoU=0.50      | area=   all | maxDets= 20 ] = 0.438
 Average Precision  (AP) @[ IoU=0.75      | area=   all | maxDets= 20 ] = 0.044
 Average Precision  (AP) @[ IoU=0.50:0.95 | area=medium | maxDets= 20 ] = 0.121
 Average Precision  (AP) @[ IoU=0.50:0.95 | area= large | maxDets= 20 ] = 0.171
 Average Recall     (AR) @[ IoU=0.50:0.95 | area=   all | maxDets= 20 ] = 0.264
 Average Recall     (AR) @[ IoU=0.50      | area=   all | maxDets= 20 ] = 0.623
 Average Recall     (AR) @[ IoU=0.75      | area=   all | maxDets= 20 ] = 0.183
 Average Recall     (AR) @[ IoU=0.50:0.95 | area=medium | maxDets= 20 ] = 0.231
 Average Recall     (AR) @[ IoU=0.50:0.95 | area= large | maxDets= 20 ] = 0.310
Epoch 5 Validation AP: 0.1363
New best model found! Saving to 'deeppose_best.pth'

--- Epoch 6/20 ---
  Batch 100/4682, Loss: 184.2648
  Batch 200/4682, Loss: 114.4539
  Batch 300/4682, Loss: 143.9996
  Batch 400/4682, Loss: 171.0806
  Batch 500/4682, Loss: 265.3494
  Batch 600/4682, Loss: 147.7014
  Batch 700/4682, Loss: 271.8186
  Batch 800/4682, Loss: 163.8047
  Batch 900/4682, Loss: 137.9102
  Batch 1000/4682, Loss: 228.5036
  Batch 1100/4682, Loss: 136.6756
  Batch 1200/4682, Loss: 140.1726
  Batch 1300/4682, Loss: 171.3064
  Batch 1400/4682, Loss: 186.5480
  Batch 1500/4682, Loss: 239.5291
  Batch 1600/4682, Loss: 186.5911
  Batch 1700/4682, Loss: 325.9804
  Batch 1800/4682, Loss: 206.0418
  Batch 1900/4682, Loss: 192.0642
  Batch 2000/4682, Loss: 101.0635
  Batch 2100/4682, Loss: 278.0690
  Batch 2200/4682, Loss: 202.6934
  Batch 2300/4682, Loss: 216.7561
  Batch 2400/4682, Loss: 186.2748
  Batch 2500/4682, Loss: 125.3540
  Batch 2600/4682, Loss: 134.7876
  Batch 2700/4682, Loss: 111.7574
  Batch 2800/4682, Loss: 143.5362
  Batch 2900/4682, Loss: 178.9753
  Batch 3000/4682, Loss: 128.1280
  Batch 3100/4682, Loss: 105.0716
  Batch 3200/4682, Loss: 322.0871
  Batch 3300/4682, Loss: 198.6735
  Batch 3400/4682, Loss: 100.2626
  Batch 3500/4682, Loss: 72.3141
  Batch 3600/4682, Loss: 173.1788
  Batch 3700/4682, Loss: 133.9063
  Batch 3800/4682, Loss: 151.9375
  Batch 3900/4682, Loss: 223.9151
  Batch 4000/4682, Loss: 182.7862
  Batch 4100/4682, Loss: 89.2619
  Batch 4200/4682, Loss: 142.4086
  Batch 4300/4682, Loss: 147.6513
  Batch 4400/4682, Loss: 133.2662
  Batch 4500/4682, Loss: 214.2882
  Batch 4600/4682, Loss: 144.1881
Epoch 6 Average Training Loss: 180.3235
Evaluating on validation set...
Loading and preparing results...
DONE (t=0.20s)
creating index...
index created!
Running per image evaluation...
Evaluate annotation type *keypoints*
DONE (t=2.08s).
Accumulating evaluation results...
DONE (t=0.05s).
 Average Precision  (AP) @[ IoU=0.50:0.95 | area=   all | maxDets= 20 ] = 0.159
 Average Precision  (AP) @[ IoU=0.50      | area=   all | maxDets= 20 ] = 0.472
 Average Precision  (AP) @[ IoU=0.75      | area=   all | maxDets= 20 ] = 0.060
 Average Precision  (AP) @[ IoU=0.50:0.95 | area=medium | maxDets= 20 ] = 0.146
 Average Precision  (AP) @[ IoU=0.50:0.95 | area= large | maxDets= 20 ] = 0.189
 Average Recall     (AR) @[ IoU=0.50:0.95 | area=   all | maxDets= 20 ] = 0.293
 Average Recall     (AR) @[ IoU=0.50      | area=   all | maxDets= 20 ] = 0.652
 Average Recall     (AR) @[ IoU=0.75      | area=   all | maxDets= 20 ] = 0.220
 Average Recall     (AR) @[ IoU=0.50:0.95 | area=medium | maxDets= 20 ] = 0.263
 Average Recall     (AR) @[ IoU=0.50:0.95 | area= large | maxDets= 20 ] = 0.336
Epoch 6 Validation AP: 0.1586
New best model found! Saving to 'deeppose_best.pth'

--- Epoch 7/20 ---
  Batch 100/4682, Loss: 158.8327
  Batch 200/4682, Loss: 112.7241
  Batch 300/4682, Loss: 167.2195
  Batch 400/4682, Loss: 234.0962
  Batch 500/4682, Loss: 111.7998
  Batch 600/4682, Loss: 97.2613
  Batch 700/4682, Loss: 163.1608
  Batch 800/4682, Loss: 185.2523
  Batch 900/4682, Loss: 141.3567
  Batch 1000/4682, Loss: 120.6207
  Batch 1100/4682, Loss: 93.1879
  Batch 1200/4682, Loss: 160.4041
  Batch 1300/4682, Loss: 142.6643
  Batch 1400/4682, Loss: 124.9952
  Batch 1500/4682, Loss: 121.8563
  Batch 1600/4682, Loss: 130.3332
  Batch 1700/4682, Loss: 244.2427
  Batch 1800/4682, Loss: 152.9633
  Batch 1900/4682, Loss: 78.7934
  Batch 2000/4682, Loss: 116.7172
  Batch 2100/4682, Loss: 186.7045
  Batch 2200/4682, Loss: 69.6598
  Batch 2300/4682, Loss: 260.3779
  Batch 2400/4682, Loss: 167.6030
  Batch 2500/4682, Loss: 131.0928
  Batch 2600/4682, Loss: 161.2046
  Batch 2700/4682, Loss: 207.7650
  Batch 2800/4682, Loss: 282.5299
  Batch 2900/4682, Loss: 131.9760
  Batch 3000/4682, Loss: 155.2207
  Batch 3100/4682, Loss: 138.4138
  Batch 3200/4682, Loss: 156.0240
  Batch 3300/4682, Loss: 153.9539
  Batch 3400/4682, Loss: 130.4125
  Batch 3500/4682, Loss: 134.4537
  Batch 3600/4682, Loss: 195.6058
  Batch 3700/4682, Loss: 92.5482
  Batch 3800/4682, Loss: 122.9963
  Batch 3900/4682, Loss: 227.2053
  Batch 4000/4682, Loss: 209.3417
  Batch 4100/4682, Loss: 225.3642
  Batch 4200/4682, Loss: 148.7673
  Batch 4300/4682, Loss: 130.8888
  Batch 4400/4682, Loss: 98.7664
  Batch 4500/4682, Loss: 142.0770
  Batch 4600/4682, Loss: 301.7570
Epoch 7 Average Training Loss: 159.3696
Evaluating on validation set...
Loading and preparing results...
DONE (t=0.20s)
creating index...
index created!
Running per image evaluation...
Evaluate annotation type *keypoints*
DONE (t=2.09s).
Accumulating evaluation results...
DONE (t=0.05s).
 Average Precision  (AP) @[ IoU=0.50:0.95 | area=   all | maxDets= 20 ] = 0.152
 Average Precision  (AP) @[ IoU=0.50      | area=   all | maxDets= 20 ] = 0.459
 Average Precision  (AP) @[ IoU=0.75      | area=   all | maxDets= 20 ] = 0.058
 Average Precision  (AP) @[ IoU=0.50:0.95 | area=medium | maxDets= 20 ] = 0.136
 Average Precision  (AP) @[ IoU=0.50:0.95 | area= large | maxDets= 20 ] = 0.183
 Average Recall     (AR) @[ IoU=0.50:0.95 | area=   all | maxDets= 20 ] = 0.284
 Average Recall     (AR) @[ IoU=0.50      | area=   all | maxDets= 20 ] = 0.642
 Average Recall     (AR) @[ IoU=0.75      | area=   all | maxDets= 20 ] = 0.214
 Average Recall     (AR) @[ IoU=0.50:0.95 | area=medium | maxDets= 20 ] = 0.246
 Average Recall     (AR) @[ IoU=0.50:0.95 | area= large | maxDets= 20 ] = 0.336
Epoch 7 Validation AP: 0.1516

--- Epoch 8/20 ---
  Batch 100/4682, Loss: 199.8795
  Batch 200/4682, Loss: 106.6252
  Batch 300/4682, Loss: 126.2610
  Batch 400/4682, Loss: 147.2717
  Batch 500/4682, Loss: 118.0364
  Batch 600/4682, Loss: 202.2993
  Batch 700/4682, Loss: 112.3904
  Batch 800/4682, Loss: 85.5066
  Batch 900/4682, Loss: 147.6864
  Batch 1000/4682, Loss: 147.0193
  Batch 1100/4682, Loss: 166.6622
  Batch 1200/4682, Loss: 133.7688
  Batch 1300/4682, Loss: 128.0356
  Batch 1400/4682, Loss: 124.5808
  Batch 1500/4682, Loss: 94.8835
  Batch 1600/4682, Loss: 164.3448
  Batch 1700/4682, Loss: 95.7725
  Batch 1800/4682, Loss: 128.7110
  Batch 1900/4682, Loss: 99.0773
  Batch 2000/4682, Loss: 157.5703
  Batch 2100/4682, Loss: 125.4607
  Batch 2200/4682, Loss: 177.8784
  Batch 2300/4682, Loss: 226.4629
  Batch 2400/4682, Loss: 143.8910
  Batch 2500/4682, Loss: 189.1799
  Batch 2600/4682, Loss: 133.6946
  Batch 2700/4682, Loss: 144.2355
  Batch 2800/4682, Loss: 133.7544
  Batch 2900/4682, Loss: 84.3733
  Batch 3000/4682, Loss: 102.0951
  Batch 3100/4682, Loss: 131.6400
  Batch 3200/4682, Loss: 121.3884
  Batch 3300/4682, Loss: 149.1767
  Batch 3400/4682, Loss: 98.1554
  Batch 3500/4682, Loss: 135.6194
  Batch 3600/4682, Loss: 119.0651
  Batch 3700/4682, Loss: 119.8384
  Batch 3800/4682, Loss: 284.4188
  Batch 3900/4682, Loss: 184.7286
  Batch 4000/4682, Loss: 173.7195
  Batch 4100/4682, Loss: 147.0836
  Batch 4200/4682, Loss: 133.1073
  Batch 4300/4682, Loss: 149.7204
  Batch 4400/4682, Loss: 159.1546
  Batch 4500/4682, Loss: 258.7206
  Batch 4600/4682, Loss: 116.6334
Epoch 8 Average Training Loss: 142.3939
Evaluating on validation set...
Loading and preparing results...
DONE (t=0.21s)
creating index...
index created!
Running per image evaluation...
Evaluate annotation type *keypoints*
DONE (t=2.10s).
Accumulating evaluation results...
DONE (t=0.05s).
 Average Precision  (AP) @[ IoU=0.50:0.95 | area=   all | maxDets= 20 ] = 0.180
 Average Precision  (AP) @[ IoU=0.50      | area=   all | maxDets= 20 ] = 0.500
 Average Precision  (AP) @[ IoU=0.75      | area=   all | maxDets= 20 ] = 0.083
 Average Precision  (AP) @[ IoU=0.50:0.95 | area=medium | maxDets= 20 ] = 0.164
 Average Precision  (AP) @[ IoU=0.50:0.95 | area= large | maxDets= 20 ] = 0.216
 Average Recall     (AR) @[ IoU=0.50:0.95 | area=   all | maxDets= 20 ] = 0.319
 Average Recall     (AR) @[ IoU=0.50      | area=   all | maxDets= 20 ] = 0.676
 Average Recall     (AR) @[ IoU=0.75      | area=   all | maxDets= 20 ] = 0.260
 Average Recall     (AR) @[ IoU=0.50:0.95 | area=medium | maxDets= 20 ] = 0.281
 Average Recall     (AR) @[ IoU=0.50:0.95 | area= large | maxDets= 20 ] = 0.371
Epoch 8 Validation AP: 0.1802
New best model found! Saving to 'deeppose_best.pth'

--- Epoch 9/20 ---
  Batch 100/4682, Loss: 188.2701
  Batch 200/4682, Loss: 137.2975
  Batch 300/4682, Loss: 81.9313
  Batch 400/4682, Loss: 113.7786
  Batch 500/4682, Loss: 139.6232
  Batch 600/4682, Loss: 112.5289
  Batch 700/4682, Loss: 112.2049
  Batch 800/4682, Loss: 91.0720
  Batch 900/4682, Loss: 81.1823
  Batch 1000/4682, Loss: 83.9207
  Batch 1100/4682, Loss: 139.0460
  Batch 1200/4682, Loss: 113.1503
  Batch 1300/4682, Loss: 152.1395
  Batch 1400/4682, Loss: 152.4558
  Batch 1500/4682, Loss: 98.3593
  Batch 1600/4682, Loss: 87.4439
  Batch 1700/4682, Loss: 84.3214
  Batch 1800/4682, Loss: 71.8525
  Batch 1900/4682, Loss: 145.8020
  Batch 2000/4682, Loss: 124.7850
  Batch 2100/4682, Loss: 129.5144
  Batch 2200/4682, Loss: 97.7099
  Batch 2300/4682, Loss: 108.0225
  Batch 2400/4682, Loss: 104.0465
  Batch 2500/4682, Loss: 117.0635
  Batch 2600/4682, Loss: 273.9531
  Batch 2700/4682, Loss: 142.0061
  Batch 2800/4682, Loss: 138.2523
  Batch 2900/4682, Loss: 92.2978
  Batch 3000/4682, Loss: 157.7460
  Batch 3100/4682, Loss: 185.1969
  Batch 3200/4682, Loss: 92.4804
  Batch 3300/4682, Loss: 86.7548
  Batch 3400/4682, Loss: 108.0523
  Batch 3500/4682, Loss: 99.4232
  Batch 3600/4682, Loss: 171.6959
  Batch 3700/4682, Loss: 85.5473
  Batch 3800/4682, Loss: 100.4413
  Batch 3900/4682, Loss: 143.3927
  Batch 4000/4682, Loss: 131.9789
  Batch 4100/4682, Loss: 119.5281
  Batch 4200/4682, Loss: 91.3941
  Batch 4300/4682, Loss: 110.0129
  Batch 4400/4682, Loss: 112.2193
  Batch 4500/4682, Loss: 126.3031
  Batch 4600/4682, Loss: 112.5400
Epoch 9 Average Training Loss: 129.2077
Evaluating on validation set...
Loading and preparing results...
DONE (t=0.21s)
creating index...
index created!
Running per image evaluation...
Evaluate annotation type *keypoints*
DONE (t=2.13s).
Accumulating evaluation results...
DONE (t=0.05s).
 Average Precision  (AP) @[ IoU=0.50:0.95 | area=   all | maxDets= 20 ] = 0.198
 Average Precision  (AP) @[ IoU=0.50      | area=   all | maxDets= 20 ] = 0.531
 Average Precision  (AP) @[ IoU=0.75      | area=   all | maxDets= 20 ] = 0.105
 Average Precision  (AP) @[ IoU=0.50:0.95 | area=medium | maxDets= 20 ] = 0.183
 Average Precision  (AP) @[ IoU=0.50:0.95 | area= large | maxDets= 20 ] = 0.230
 Average Recall     (AR) @[ IoU=0.50:0.95 | area=   all | maxDets= 20 ] = 0.341
 Average Recall     (AR) @[ IoU=0.50      | area=   all | maxDets= 20 ] = 0.700
 Average Recall     (AR) @[ IoU=0.75      | area=   all | maxDets= 20 ] = 0.292
 Average Recall     (AR) @[ IoU=0.50:0.95 | area=medium | maxDets= 20 ] = 0.307
 Average Recall     (AR) @[ IoU=0.50:0.95 | area= large | maxDets= 20 ] = 0.389
Epoch 9 Validation AP: 0.1984
New best model found! Saving to 'deeppose_best.pth'

--- Epoch 10/20 ---
  Batch 100/4682, Loss: 159.5785
  Batch 200/4682, Loss: 113.0393
  Batch 300/4682, Loss: 122.6835
  Batch 400/4682, Loss: 113.6334
  Batch 500/4682, Loss: 116.1918
  Batch 600/4682, Loss: 86.8075
  Batch 700/4682, Loss: 79.6401
  Batch 800/4682, Loss: 164.1170
  Batch 900/4682, Loss: 97.5845
  Batch 1000/4682, Loss: 136.0024
  Batch 1100/4682, Loss: 109.2534
  Batch 1200/4682, Loss: 119.2716
  Batch 1300/4682, Loss: 94.1616
  Batch 1400/4682, Loss: 71.4160
  Batch 1500/4682, Loss: 110.0933
  Batch 1600/4682, Loss: 68.2153
  Batch 1700/4682, Loss: 100.0204
  Batch 1800/4682, Loss: 124.8946
  Batch 1900/4682, Loss: 80.5774
  Batch 2000/4682, Loss: 157.9132
  Batch 2100/4682, Loss: 103.2614
  Batch 2200/4682, Loss: 63.0698
  Batch 2300/4682, Loss: 95.0285
  Batch 2400/4682, Loss: 89.7530
  Batch 2500/4682, Loss: 127.7042
  Batch 2600/4682, Loss: 85.0518
  Batch 2700/4682, Loss: 143.5199
  Batch 2800/4682, Loss: 78.3269
  Batch 2900/4682, Loss: 80.9006
  Batch 3000/4682, Loss: 70.4481
  Batch 3100/4682, Loss: 143.6653
  Batch 3200/4682, Loss: 124.8751
  Batch 3300/4682, Loss: 115.0147
  Batch 3400/4682, Loss: 143.6884
  Batch 3500/4682, Loss: 99.8296
  Batch 3600/4682, Loss: 99.7764
  Batch 3700/4682, Loss: 179.2316
  Batch 3800/4682, Loss: 127.1076
  Batch 3900/4682, Loss: 120.5068
  Batch 4000/4682, Loss: 141.2244
  Batch 4100/4682, Loss: 154.8523
  Batch 4200/4682, Loss: 101.4282
  Batch 4300/4682, Loss: 132.2056
  Batch 4400/4682, Loss: 98.1030
  Batch 4500/4682, Loss: 131.1336
  Batch 4600/4682, Loss: 204.5780
Epoch 10 Average Training Loss: 115.8271
Evaluating on validation set...
Loading and preparing results...
DONE (t=0.20s)
creating index...
index created!
Running per image evaluation...
Evaluate annotation type *keypoints*
DONE (t=2.10s).
Accumulating evaluation results...
DONE (t=0.05s).
 Average Precision  (AP) @[ IoU=0.50:0.95 | area=   all | maxDets= 20 ] = 0.200
 Average Precision  (AP) @[ IoU=0.50      | area=   all | maxDets= 20 ] = 0.531
 Average Precision  (AP) @[ IoU=0.75      | area=   all | maxDets= 20 ] = 0.107
 Average Precision  (AP) @[ IoU=0.50:0.95 | area=medium | maxDets= 20 ] = 0.186
 Average Precision  (AP) @[ IoU=0.50:0.95 | area= large | maxDets= 20 ] = 0.231
 Average Recall     (AR) @[ IoU=0.50:0.95 | area=   all | maxDets= 20 ] = 0.342
 Average Recall     (AR) @[ IoU=0.50      | area=   all | maxDets= 20 ] = 0.699
 Average Recall     (AR) @[ IoU=0.75      | area=   all | maxDets= 20 ] = 0.296
 Average Recall     (AR) @[ IoU=0.50:0.95 | area=medium | maxDets= 20 ] = 0.307
 Average Recall     (AR) @[ IoU=0.50:0.95 | area= large | maxDets= 20 ] = 0.391
Epoch 10 Validation AP: 0.2003
New best model found! Saving to 'deeppose_best.pth'

--- Epoch 11/20 ---
  Batch 100/4682, Loss: 181.8266
  Batch 200/4682, Loss: 175.6714
  Batch 300/4682, Loss: 130.6410
  Batch 400/4682, Loss: 100.3641
  Batch 500/4682, Loss: 85.3780
  Batch 600/4682, Loss: 87.3338
  Batch 700/4682, Loss: 88.9995
  Batch 800/4682, Loss: 120.7183
  Batch 900/4682, Loss: 79.9606
  Batch 1000/4682, Loss: 99.6012
  Batch 1100/4682, Loss: 63.0163
  Batch 1200/4682, Loss: 90.3785
  Batch 1300/4682, Loss: 87.9852
  Batch 1400/4682, Loss: 85.2608
  Batch 1500/4682, Loss: 99.3499
  Batch 1600/4682, Loss: 83.9978
  Batch 1700/4682, Loss: 119.1118
  Batch 1800/4682, Loss: 118.6423
  Batch 1900/4682, Loss: 70.1732
  Batch 2000/4682, Loss: 134.3893
  Batch 2100/4682, Loss: 99.4146
  Batch 2200/4682, Loss: 155.1458
  Batch 2300/4682, Loss: 94.3345
  Batch 2400/4682, Loss: 106.4078
  Batch 2500/4682, Loss: 64.6878
  Batch 2600/4682, Loss: 218.9613
  Batch 2700/4682, Loss: 167.4637
  Batch 2800/4682, Loss: 87.5495
  Batch 2900/4682, Loss: 97.6862
  Batch 3000/4682, Loss: 63.8725
  Batch 3100/4682, Loss: 99.2061
  Batch 3200/4682, Loss: 117.5216
  Batch 3300/4682, Loss: 80.2366
  Batch 3400/4682, Loss: 126.5597
  Batch 3500/4682, Loss: 92.7377
  Batch 3600/4682, Loss: 78.1378
  Batch 3700/4682, Loss: 109.6558
  Batch 3800/4682, Loss: 92.7495
  Batch 3900/4682, Loss: 88.7607
  Batch 4000/4682, Loss: 96.6032
  Batch 4100/4682, Loss: 65.7098
  Batch 4200/4682, Loss: 62.1410
  Batch 4300/4682, Loss: 67.7504
  Batch 4400/4682, Loss: 138.4929
  Batch 4500/4682, Loss: 78.5701
  Batch 4600/4682, Loss: 69.5284
Epoch 11 Average Training Loss: 106.9652
Evaluating on validation set...
Loading and preparing results...
DONE (t=1.53s)
creating index...
index created!
Running per image evaluation...
Evaluate annotation type *keypoints*
DONE (t=2.11s).
Accumulating evaluation results...
DONE (t=0.05s).
 Average Precision  (AP) @[ IoU=0.50:0.95 | area=   all | maxDets= 20 ] = 0.212
 Average Precision  (AP) @[ IoU=0.50      | area=   all | maxDets= 20 ] = 0.541
 Average Precision  (AP) @[ IoU=0.75      | area=   all | maxDets= 20 ] = 0.121
 Average Precision  (AP) @[ IoU=0.50:0.95 | area=medium | maxDets= 20 ] = 0.196
 Average Precision  (AP) @[ IoU=0.50:0.95 | area= large | maxDets= 20 ] = 0.245
 Average Recall     (AR) @[ IoU=0.50:0.95 | area=   all | maxDets= 20 ] = 0.355
 Average Recall     (AR) @[ IoU=0.50      | area=   all | maxDets= 20 ] = 0.707
 Average Recall     (AR) @[ IoU=0.75      | area=   all | maxDets= 20 ] = 0.316
 Average Recall     (AR) @[ IoU=0.50:0.95 | area=medium | maxDets= 20 ] = 0.318
 Average Recall     (AR) @[ IoU=0.50:0.95 | area= large | maxDets= 20 ] = 0.407
Epoch 11 Validation AP: 0.2121
New best model found! Saving to 'deeppose_best.pth'

--- Epoch 12/20 ---
  Batch 100/4682, Loss: 104.6918
  Batch 200/4682, Loss: 59.9698
  Batch 300/4682, Loss: 113.7273
  Batch 400/4682, Loss: 56.8650
  Batch 500/4682, Loss: 55.0218
  Batch 600/4682, Loss: 114.4935
  Batch 700/4682, Loss: 86.6446
  Batch 800/4682, Loss: 113.5955
  Batch 900/4682, Loss: 126.0657
  Batch 1000/4682, Loss: 92.6578
  Batch 1100/4682, Loss: 102.2203
  Batch 1200/4682, Loss: 78.2314
  Batch 1300/4682, Loss: 81.2946
  Batch 1400/4682, Loss: 89.7136
  Batch 1500/4682, Loss: 120.1354
  Batch 1600/4682, Loss: 103.8751
  Batch 1700/4682, Loss: 141.1385
  Batch 1800/4682, Loss: 71.4424
  Batch 1900/4682, Loss: 149.9823
  Batch 2000/4682, Loss: 146.4226
  Batch 2100/4682, Loss: 81.1372
  Batch 2200/4682, Loss: 89.5096
  Batch 2300/4682, Loss: 67.1791
  Batch 2400/4682, Loss: 149.0565
  Batch 2500/4682, Loss: 89.5958
  Batch 2600/4682, Loss: 80.1034
  Batch 2700/4682, Loss: 122.6039
  Batch 2800/4682, Loss: 87.6015
  Batch 2900/4682, Loss: 72.5274
  Batch 3000/4682, Loss: 83.8816
  Batch 3100/4682, Loss: 68.0923
  Batch 3200/4682, Loss: 71.8136
  Batch 3300/4682, Loss: 89.7214
  Batch 3400/4682, Loss: 95.9825
  Batch 3500/4682, Loss: 88.0250
  Batch 3600/4682, Loss: 64.7046
  Batch 3700/4682, Loss: 175.6157
  Batch 3800/4682, Loss: 116.3037
  Batch 3900/4682, Loss: 93.4646
  Batch 4000/4682, Loss: 68.8078
  Batch 4100/4682, Loss: 107.2280
  Batch 4200/4682, Loss: 143.7833
  Batch 4300/4682, Loss: 52.6383
  Batch 4400/4682, Loss: 100.5978
  Batch 4500/4682, Loss: 167.0826
  Batch 4600/4682, Loss: 85.7626
Epoch 12 Average Training Loss: 99.3118
Evaluating on validation set...
Loading and preparing results...
DONE (t=0.20s)
creating index...
index created!
Running per image evaluation...
Evaluate annotation type *keypoints*
DONE (t=2.15s).
Accumulating evaluation results...
DONE (t=0.05s).
 Average Precision  (AP) @[ IoU=0.50:0.95 | area=   all | maxDets= 20 ] = 0.228
 Average Precision  (AP) @[ IoU=0.50      | area=   all | maxDets= 20 ] = 0.565
 Average Precision  (AP) @[ IoU=0.75      | area=   all | maxDets= 20 ] = 0.138
 Average Precision  (AP) @[ IoU=0.50:0.95 | area=medium | maxDets= 20 ] = 0.208
 Average Precision  (AP) @[ IoU=0.50:0.95 | area= large | maxDets= 20 ] = 0.261
 Average Recall     (AR) @[ IoU=0.50:0.95 | area=   all | maxDets= 20 ] = 0.373
 Average Recall     (AR) @[ IoU=0.50      | area=   all | maxDets= 20 ] = 0.721
 Average Recall     (AR) @[ IoU=0.75      | area=   all | maxDets= 20 ] = 0.338
 Average Recall     (AR) @[ IoU=0.50:0.95 | area=medium | maxDets= 20 ] = 0.334
 Average Recall     (AR) @[ IoU=0.50:0.95 | area= large | maxDets= 20 ] = 0.428
Epoch 12 Validation AP: 0.2278
New best model found! Saving to 'deeppose_best.pth'

--- Epoch 13/20 ---
  Batch 100/4682, Loss: 104.0032
  Batch 200/4682, Loss: 62.1899
  Batch 300/4682, Loss: 87.4359
  Batch 400/4682, Loss: 113.7476
  Batch 500/4682, Loss: 104.2097
  Batch 600/4682, Loss: 116.5834
  Batch 700/4682, Loss: 110.1208
  Batch 800/4682, Loss: 89.4209
  Batch 900/4682, Loss: 105.5294
  Batch 1000/4682, Loss: 117.7755
  Batch 1100/4682, Loss: 88.9905
  Batch 1200/4682, Loss: 56.0989
  Batch 1300/4682, Loss: 52.1526
  Batch 1400/4682, Loss: 63.5067
  Batch 1500/4682, Loss: 94.7886
  Batch 1600/4682, Loss: 94.0418
  Batch 1700/4682, Loss: 63.6263
  Batch 1800/4682, Loss: 74.9136
  Batch 1900/4682, Loss: 88.1546
  Batch 2000/4682, Loss: 116.0042
  Batch 2100/4682, Loss: 94.4989
  Batch 2200/4682, Loss: 127.3923
  Batch 2300/4682, Loss: 94.6288
  Batch 2400/4682, Loss: 83.5841
  Batch 2500/4682, Loss: 113.8990
  Batch 2600/4682, Loss: 93.7259
  Batch 2700/4682, Loss: 69.0991
  Batch 2800/4682, Loss: 123.4772
  Batch 2900/4682, Loss: 77.8848
  Batch 3000/4682, Loss: 93.3617
  Batch 3100/4682, Loss: 103.3513
  Batch 3200/4682, Loss: 72.9622
  Batch 3300/4682, Loss: 94.1735
  Batch 3400/4682, Loss: 94.8482
  Batch 3500/4682, Loss: 98.5101
  Batch 3600/4682, Loss: 55.0813
  Batch 3700/4682, Loss: 81.8929
  Batch 3800/4682, Loss: 47.4736
  Batch 3900/4682, Loss: 86.5066
  Batch 4000/4682, Loss: 60.4766
  Batch 4100/4682, Loss: 139.0462
  Batch 4200/4682, Loss: 49.7581
  Batch 4300/4682, Loss: 95.9918
  Batch 4400/4682, Loss: 57.4594
  Batch 4500/4682, Loss: 64.9656
  Batch 4600/4682, Loss: 89.2805
Epoch 13 Average Training Loss: 91.0634
Evaluating on validation set...
Loading and preparing results...
DONE (t=0.20s)
creating index...
index created!
Running per image evaluation...
Evaluate annotation type *keypoints*
DONE (t=2.10s).
Accumulating evaluation results...
DONE (t=0.05s).
 Average Precision  (AP) @[ IoU=0.50:0.95 | area=   all | maxDets= 20 ] = 0.235
 Average Precision  (AP) @[ IoU=0.50      | area=   all | maxDets= 20 ] = 0.572
 Average Precision  (AP) @[ IoU=0.75      | area=   all | maxDets= 20 ] = 0.150
 Average Precision  (AP) @[ IoU=0.50:0.95 | area=medium | maxDets= 20 ] = 0.218
 Average Precision  (AP) @[ IoU=0.50:0.95 | area= large | maxDets= 20 ] = 0.271
 Average Recall     (AR) @[ IoU=0.50:0.95 | area=   all | maxDets= 20 ] = 0.382
 Average Recall     (AR) @[ IoU=0.50      | area=   all | maxDets= 20 ] = 0.725
 Average Recall     (AR) @[ IoU=0.75      | area=   all | maxDets= 20 ] = 0.357
 Average Recall     (AR) @[ IoU=0.50:0.95 | area=medium | maxDets= 20 ] = 0.342
 Average Recall     (AR) @[ IoU=0.50:0.95 | area= large | maxDets= 20 ] = 0.437
Epoch 13 Validation AP: 0.2352
New best model found! Saving to 'deeppose_best.pth'

--- Epoch 14/20 ---
  Batch 100/4682, Loss: 66.0852
  Batch 200/4682, Loss: 75.5399
  Batch 300/4682, Loss: 75.5715
  Batch 400/4682, Loss: 59.6202
  Batch 500/4682, Loss: 80.6349
  Batch 600/4682, Loss: 75.0532
  Batch 700/4682, Loss: 73.2746
  Batch 800/4682, Loss: 70.3187
  Batch 900/4682, Loss: 58.5594
  Batch 1000/4682, Loss: 73.1685
  Batch 1100/4682, Loss: 62.3209
  Batch 1200/4682, Loss: 71.5461
  Batch 1300/4682, Loss: 85.8214
  Batch 1400/4682, Loss: 77.0482
  Batch 1500/4682, Loss: 71.9933
  Batch 1600/4682, Loss: 96.5123
  Batch 1700/4682, Loss: 73.8819
  Batch 1800/4682, Loss: 120.8935
  Batch 1900/4682, Loss: 54.1948
  Batch 2000/4682, Loss: 54.3569
  Batch 2100/4682, Loss: 109.2643
  Batch 2200/4682, Loss: 114.5961
  Batch 2300/4682, Loss: 114.9215
  Batch 2400/4682, Loss: 77.7905
  Batch 2500/4682, Loss: 90.4930
  Batch 2600/4682, Loss: 66.3504
  Batch 2700/4682, Loss: 69.8470
  Batch 2800/4682, Loss: 61.8751
  Batch 2900/4682, Loss: 92.9721
  Batch 3000/4682, Loss: 51.1628
  Batch 3100/4682, Loss: 79.2983
  Batch 3200/4682, Loss: 54.3335
  Batch 3300/4682, Loss: 56.3247
  Batch 3400/4682, Loss: 84.1265
  Batch 3500/4682, Loss: 160.7475
  Batch 3600/4682, Loss: 94.3372
  Batch 3700/4682, Loss: 66.0412
  Batch 3800/4682, Loss: 82.2897
  Batch 3900/4682, Loss: 100.9352
  Batch 4000/4682, Loss: 71.5469
  Batch 4100/4682, Loss: 115.1260
  Batch 4200/4682, Loss: 65.6056
  Batch 4300/4682, Loss: 76.2551
  Batch 4400/4682, Loss: 63.9242
  Batch 4500/4682, Loss: 86.1653
  Batch 4600/4682, Loss: 78.1292
Epoch 14 Average Training Loss: 86.8157
Evaluating on validation set...
Loading and preparing results...
DONE (t=0.20s)
creating index...
index created!
Running per image evaluation...
Evaluate annotation type *keypoints*
DONE (t=2.10s).
Accumulating evaluation results...
DONE (t=0.05s).
 Average Precision  (AP) @[ IoU=0.50:0.95 | area=   all | maxDets= 20 ] = 0.237
 Average Precision  (AP) @[ IoU=0.50      | area=   all | maxDets= 20 ] = 0.570
 Average Precision  (AP) @[ IoU=0.75      | area=   all | maxDets= 20 ] = 0.158
 Average Precision  (AP) @[ IoU=0.50:0.95 | area=medium | maxDets= 20 ] = 0.218
 Average Precision  (AP) @[ IoU=0.50:0.95 | area= large | maxDets= 20 ] = 0.273
 Average Recall     (AR) @[ IoU=0.50:0.95 | area=   all | maxDets= 20 ] = 0.384
 Average Recall     (AR) @[ IoU=0.50      | area=   all | maxDets= 20 ] = 0.728
 Average Recall     (AR) @[ IoU=0.75      | area=   all | maxDets= 20 ] = 0.360
 Average Recall     (AR) @[ IoU=0.50:0.95 | area=medium | maxDets= 20 ] = 0.342
 Average Recall     (AR) @[ IoU=0.50:0.95 | area= large | maxDets= 20 ] = 0.442
Epoch 14 Validation AP: 0.2369
New best model found! Saving to 'deeppose_best.pth'

--- Epoch 15/20 ---
  Batch 100/4682, Loss: 81.8329
  Batch 200/4682, Loss: 65.0067
  Batch 300/4682, Loss: 53.4859
  Batch 400/4682, Loss: 66.5652
  Batch 500/4682, Loss: 79.0616
  Batch 600/4682, Loss: 74.1323
  Batch 700/4682, Loss: 58.9229
  Batch 800/4682, Loss: 94.0773
  Batch 900/4682, Loss: 70.2267
  Batch 1000/4682, Loss: 106.8020
  Batch 1100/4682, Loss: 95.8828
  Batch 1200/4682, Loss: 100.1533
  Batch 1300/4682, Loss: 117.0645
  Batch 1400/4682, Loss: 93.0235
  Batch 1500/4682, Loss: 86.2433
  Batch 1600/4682, Loss: 81.0738
  Batch 1700/4682, Loss: 69.6938
  Batch 1800/4682, Loss: 66.3677
  Batch 1900/4682, Loss: 47.6658
  Batch 2000/4682, Loss: 69.3015
  Batch 2100/4682, Loss: 112.3745
  Batch 2200/4682, Loss: 53.4880
  Batch 2300/4682, Loss: 52.8094
  Batch 2400/4682, Loss: 83.4371
  Batch 2500/4682, Loss: 58.8462
  Batch 2600/4682, Loss: 74.1098
  Batch 2700/4682, Loss: 75.4549
  Batch 2800/4682, Loss: 78.1785
  Batch 2900/4682, Loss: 76.8907
  Batch 3000/4682, Loss: 64.8486
  Batch 3100/4682, Loss: 85.0307
  Batch 3200/4682, Loss: 116.4050
  Batch 3300/4682, Loss: 91.2900
  Batch 3400/4682, Loss: 72.6187
  Batch 3500/4682, Loss: 61.2313
  Batch 3600/4682, Loss: 55.5378
  Batch 3700/4682, Loss: 84.8854
  Batch 3800/4682, Loss: 57.1510
  Batch 3900/4682, Loss: 87.6675
  Batch 4000/4682, Loss: 74.9110
  Batch 4100/4682, Loss: 78.8950
  Batch 4200/4682, Loss: 83.0564
  Batch 4300/4682, Loss: 79.8667
  Batch 4400/4682, Loss: 75.8114
  Batch 4500/4682, Loss: 71.6285
  Batch 4600/4682, Loss: 80.7211
Epoch 15 Average Training Loss: 78.7801
Evaluating on validation set...
Loading and preparing results...
DONE (t=0.20s)
creating index...
index created!
Running per image evaluation...
Evaluate annotation type *keypoints*
DONE (t=2.13s).
Accumulating evaluation results...
DONE (t=0.05s).
 Average Precision  (AP) @[ IoU=0.50:0.95 | area=   all | maxDets= 20 ] = 0.247
 Average Precision  (AP) @[ IoU=0.50      | area=   all | maxDets= 20 ] = 0.586
 Average Precision  (AP) @[ IoU=0.75      | area=   all | maxDets= 20 ] = 0.166
 Average Precision  (AP) @[ IoU=0.50:0.95 | area=medium | maxDets= 20 ] = 0.228
 Average Precision  (AP) @[ IoU=0.50:0.95 | area= large | maxDets= 20 ] = 0.283
 Average Recall     (AR) @[ IoU=0.50:0.95 | area=   all | maxDets= 20 ] = 0.394
 Average Recall     (AR) @[ IoU=0.50      | area=   all | maxDets= 20 ] = 0.740
 Average Recall     (AR) @[ IoU=0.75      | area=   all | maxDets= 20 ] = 0.372
 Average Recall     (AR) @[ IoU=0.50:0.95 | area=medium | maxDets= 20 ] = 0.355
 Average Recall     (AR) @[ IoU=0.50:0.95 | area= large | maxDets= 20 ] = 0.449
Epoch 15 Validation AP: 0.2469
New best model found! Saving to 'deeppose_best.pth'

--- Epoch 16/20 ---
  Batch 100/4682, Loss: 72.9256
  Batch 200/4682, Loss: 84.2017
  Batch 300/4682, Loss: 58.8708
  Batch 400/4682, Loss: 59.7295
  Batch 500/4682, Loss: 67.8247
  Batch 600/4682, Loss: 74.8864
  Batch 700/4682, Loss: 82.6505
  Batch 800/4682, Loss: 87.4355
  Batch 900/4682, Loss: 63.7650
  Batch 1000/4682, Loss: 81.9264
  Batch 1100/4682, Loss: 110.9675
  Batch 1200/4682, Loss: 80.0467
  Batch 1300/4682, Loss: 101.3526
  Batch 1400/4682, Loss: 48.5450
  Batch 1500/4682, Loss: 82.2662
  Batch 1600/4682, Loss: 50.4147
  Batch 1700/4682, Loss: 84.0605
  Batch 1800/4682, Loss: 79.3533
  Batch 1900/4682, Loss: 62.9726
  Batch 2000/4682, Loss: 111.4248
  Batch 2100/4682, Loss: 73.0519
  Batch 2200/4682, Loss: 65.4524
  Batch 2300/4682, Loss: 59.1531
  Batch 2400/4682, Loss: 71.6492
  Batch 2500/4682, Loss: 103.7036
  Batch 2600/4682, Loss: 69.0316
  Batch 2700/4682, Loss: 66.4389
  Batch 2800/4682, Loss: 64.4939
  Batch 2900/4682, Loss: 68.2258
  Batch 3000/4682, Loss: 57.4295
  Batch 3100/4682, Loss: 104.3929
  Batch 3200/4682, Loss: 64.3376
  Batch 3300/4682, Loss: 64.7459
  Batch 3400/4682, Loss: 81.8475
  Batch 3500/4682, Loss: 50.7608
  Batch 3600/4682, Loss: 82.2539
  Batch 3700/4682, Loss: 93.1994
  Batch 3800/4682, Loss: 54.2401
  Batch 3900/4682, Loss: 68.6935
  Batch 4000/4682, Loss: 51.6354
  Batch 4100/4682, Loss: 98.7092
  Batch 4200/4682, Loss: 53.9177
  Batch 4300/4682, Loss: 62.1160
  Batch 4400/4682, Loss: 145.3848
  Batch 4500/4682, Loss: 74.4604
  Batch 4600/4682, Loss: 67.6473
Epoch 16 Average Training Loss: 76.1104
Evaluating on validation set...
Loading and preparing results...
DONE (t=0.20s)
creating index...
index created!
Running per image evaluation...
Evaluate annotation type *keypoints*
DONE (t=3.53s).
Accumulating evaluation results...
DONE (t=0.05s).
 Average Precision  (AP) @[ IoU=0.50:0.95 | area=   all | maxDets= 20 ] = 0.242
 Average Precision  (AP) @[ IoU=0.50      | area=   all | maxDets= 20 ] = 0.583
 Average Precision  (AP) @[ IoU=0.75      | area=   all | maxDets= 20 ] = 0.158
 Average Precision  (AP) @[ IoU=0.50:0.95 | area=medium | maxDets= 20 ] = 0.222
 Average Precision  (AP) @[ IoU=0.50:0.95 | area= large | maxDets= 20 ] = 0.281
 Average Recall     (AR) @[ IoU=0.50:0.95 | area=   all | maxDets= 20 ] = 0.388
 Average Recall     (AR) @[ IoU=0.50      | area=   all | maxDets= 20 ] = 0.735
 Average Recall     (AR) @[ IoU=0.75      | area=   all | maxDets= 20 ] = 0.362
 Average Recall     (AR) @[ IoU=0.50:0.95 | area=medium | maxDets= 20 ] = 0.345
 Average Recall     (AR) @[ IoU=0.50:0.95 | area= large | maxDets= 20 ] = 0.448
Epoch 16 Validation AP: 0.2420

--- Epoch 17/20 ---
  Batch 100/4682, Loss: 87.5267
  Batch 200/4682, Loss: 92.3053
  Batch 300/4682, Loss: 68.2970
  Batch 400/4682, Loss: 87.8501
  Batch 500/4682, Loss: 56.6393
  Batch 600/4682, Loss: 64.1500
  Batch 700/4682, Loss: 66.4102
  Batch 800/4682, Loss: 57.7158
  Batch 900/4682, Loss: 77.2854
  Batch 1000/4682, Loss: 125.6356
  Batch 1100/4682, Loss: 58.2777
  Batch 1200/4682, Loss: 44.4518
  Batch 1300/4682, Loss: 76.7416
  Batch 1400/4682, Loss: 81.2537
  Batch 1500/4682, Loss: 72.1082
  Batch 1600/4682, Loss: 61.1596
  Batch 1700/4682, Loss: 80.1300
  Batch 1800/4682, Loss: 63.6260
  Batch 1900/4682, Loss: 67.1317
  Batch 2000/4682, Loss: 52.0090
  Batch 2100/4682, Loss: 52.0175
  Batch 2200/4682, Loss: 48.9717
  Batch 2300/4682, Loss: 86.0950
  Batch 2400/4682, Loss: 86.5276
  Batch 2500/4682, Loss: 57.5952
  Batch 2600/4682, Loss: 62.8617
  Batch 2700/4682, Loss: 50.1693
  Batch 2800/4682, Loss: 54.4397
  Batch 2900/4682, Loss: 71.9000
  Batch 3000/4682, Loss: 47.1294
  Batch 3100/4682, Loss: 67.2344
  Batch 3200/4682, Loss: 99.0894
  Batch 3300/4682, Loss: 74.0585
  Batch 3400/4682, Loss: 46.0470
  Batch 3500/4682, Loss: 85.3120
  Batch 3600/4682, Loss: 67.8071
  Batch 3700/4682, Loss: 85.4683
  Batch 3800/4682, Loss: 82.8582
  Batch 3900/4682, Loss: 44.8631
  Batch 4000/4682, Loss: 94.7380
  Batch 4100/4682, Loss: 57.9952
  Batch 4200/4682, Loss: 57.5180
  Batch 4300/4682, Loss: 52.9904
  Batch 4400/4682, Loss: 65.9278
  Batch 4500/4682, Loss: 79.2572
  Batch 4600/4682, Loss: 78.6171
Epoch 17 Average Training Loss: 70.5964
Evaluating on validation set...
Loading and preparing results...
DONE (t=0.20s)
creating index...
index created!
Running per image evaluation...
Evaluate annotation type *keypoints*
DONE (t=2.08s).
Accumulating evaluation results...
DONE (t=0.05s).
 Average Precision  (AP) @[ IoU=0.50:0.95 | area=   all | maxDets= 20 ] = 0.253
 Average Precision  (AP) @[ IoU=0.50      | area=   all | maxDets= 20 ] = 0.587
 Average Precision  (AP) @[ IoU=0.75      | area=   all | maxDets= 20 ] = 0.175
 Average Precision  (AP) @[ IoU=0.50:0.95 | area=medium | maxDets= 20 ] = 0.235
 Average Precision  (AP) @[ IoU=0.50:0.95 | area= large | maxDets= 20 ] = 0.289
 Average Recall     (AR) @[ IoU=0.50:0.95 | area=   all | maxDets= 20 ] = 0.403
 Average Recall     (AR) @[ IoU=0.50      | area=   all | maxDets= 20 ] = 0.739
 Average Recall     (AR) @[ IoU=0.75      | area=   all | maxDets= 20 ] = 0.387
 Average Recall     (AR) @[ IoU=0.50:0.95 | area=medium | maxDets= 20 ] = 0.362
 Average Recall     (AR) @[ IoU=0.50:0.95 | area= large | maxDets= 20 ] = 0.460
Epoch 17 Validation AP: 0.2529
New best model found! Saving to 'deeppose_best.pth'

--- Epoch 18/20 ---
  Batch 100/4682, Loss: 60.3882
  Batch 200/4682, Loss: 100.8357
  Batch 300/4682, Loss: 54.7929
  Batch 400/4682, Loss: 54.3221
  Batch 500/4682, Loss: 109.0109
  Batch 600/4682, Loss: 51.3900
  Batch 700/4682, Loss: 40.7907
  Batch 800/4682, Loss: 77.2306
  Batch 900/4682, Loss: 75.5334
  Batch 1000/4682, Loss: 63.4371
  Batch 1100/4682, Loss: 64.9364
  Batch 1200/4682, Loss: 48.3276
  Batch 1300/4682, Loss: 79.7617
  Batch 1400/4682, Loss: 87.3066
  Batch 1500/4682, Loss: 47.8639
  Batch 1600/4682, Loss: 39.6007
  Batch 1700/4682, Loss: 77.4757
  Batch 1800/4682, Loss: 60.1550
  Batch 1900/4682, Loss: 74.6218
  Batch 2000/4682, Loss: 80.5320
  Batch 2100/4682, Loss: 105.4571
  Batch 2200/4682, Loss: 50.4771
  Batch 2300/4682, Loss: 51.2984
  Batch 2400/4682, Loss: 61.9354
  Batch 2500/4682, Loss: 62.1233
  Batch 2600/4682, Loss: 49.2150
  Batch 2700/4682, Loss: 67.3573
  Batch 2800/4682, Loss: 76.6331
  Batch 2900/4682, Loss: 71.1657
  Batch 3000/4682, Loss: 110.8954
  Batch 3100/4682, Loss: 52.0908
  Batch 3200/4682, Loss: 44.5364
  Batch 3300/4682, Loss: 97.6647
  Batch 3400/4682, Loss: 79.7771
  Batch 3500/4682, Loss: 57.2724
  Batch 3600/4682, Loss: 171.4539
  Batch 3700/4682, Loss: 75.1642
  Batch 3800/4682, Loss: 51.5803
  Batch 3900/4682, Loss: 162.7216
  Batch 4000/4682, Loss: 81.7553
  Batch 4100/4682, Loss: 75.9805
  Batch 4200/4682, Loss: 53.2601
  Batch 4300/4682, Loss: 65.8607
  Batch 4400/4682, Loss: 84.5172
  Batch 4500/4682, Loss: 77.0370
  Batch 4600/4682, Loss: 60.2335
Epoch 18 Average Training Loss: 66.8789
Evaluating on validation set...
Loading and preparing results...
DONE (t=0.20s)
creating index...
index created!
Running per image evaluation...
Evaluate annotation type *keypoints*
DONE (t=2.14s).
Accumulating evaluation results...
DONE (t=0.05s).
 Average Precision  (AP) @[ IoU=0.50:0.95 | area=   all | maxDets= 20 ] = 0.253
 Average Precision  (AP) @[ IoU=0.50      | area=   all | maxDets= 20 ] = 0.595
 Average Precision  (AP) @[ IoU=0.75      | area=   all | maxDets= 20 ] = 0.177
 Average Precision  (AP) @[ IoU=0.50:0.95 | area=medium | maxDets= 20 ] = 0.228
 Average Precision  (AP) @[ IoU=0.50:0.95 | area= large | maxDets= 20 ] = 0.296
 Average Recall     (AR) @[ IoU=0.50:0.95 | area=   all | maxDets= 20 ] = 0.399
 Average Recall     (AR) @[ IoU=0.50      | area=   all | maxDets= 20 ] = 0.744
 Average Recall     (AR) @[ IoU=0.75      | area=   all | maxDets= 20 ] = 0.380
 Average Recall     (AR) @[ IoU=0.50:0.95 | area=medium | maxDets= 20 ] = 0.353
 Average Recall     (AR) @[ IoU=0.50:0.95 | area= large | maxDets= 20 ] = 0.463
Epoch 18 Validation AP: 0.2534
New best model found! Saving to 'deeppose_best.pth'

--- Epoch 19/20 ---
  Batch 100/4682, Loss: 54.2278
  Batch 200/4682, Loss: 48.0220
  Batch 300/4682, Loss: 58.4648
  Batch 400/4682, Loss: 68.1899
  Batch 500/4682, Loss: 75.9030
  Batch 600/4682, Loss: 94.4829
  Batch 700/4682, Loss: 55.1636
  Batch 800/4682, Loss: 49.6748
  Batch 900/4682, Loss: 124.9127
  Batch 1000/4682, Loss: 60.7644
  Batch 1100/4682, Loss: 40.9931
  Batch 1200/4682, Loss: 86.1162
  Batch 1300/4682, Loss: 106.8429
  Batch 1400/4682, Loss: 43.1243
  Batch 1500/4682, Loss: 65.7344
  Batch 1600/4682, Loss: 46.5285
  Batch 1700/4682, Loss: 42.1470
  Batch 1800/4682, Loss: 47.1519
  Batch 1900/4682, Loss: 89.0282
  Batch 2000/4682, Loss: 93.9095
  Batch 2100/4682, Loss: 64.3800
  Batch 2200/4682, Loss: 57.2596
  Batch 2300/4682, Loss: 49.9756
  Batch 2400/4682, Loss: 75.8435
  Batch 2500/4682, Loss: 58.8678
  Batch 2600/4682, Loss: 60.2306
  Batch 2700/4682, Loss: 54.4195
  Batch 2800/4682, Loss: 42.2644
  Batch 2900/4682, Loss: 89.6932
  Batch 3000/4682, Loss: 69.2639
  Batch 3100/4682, Loss: 59.6596
  Batch 3200/4682, Loss: 108.9588
  Batch 3300/4682, Loss: 78.1130
  Batch 3400/4682, Loss: 48.5170
  Batch 3500/4682, Loss: 52.6279
  Batch 3600/4682, Loss: 53.7307
  Batch 3700/4682, Loss: 60.0991
  Batch 3800/4682, Loss: 53.1099
  Batch 3900/4682, Loss: 56.3513
  Batch 4000/4682, Loss: 37.2182
  Batch 4100/4682, Loss: 74.0536
  Batch 4200/4682, Loss: 67.3198
  Batch 4300/4682, Loss: 59.0927
  Batch 4400/4682, Loss: 73.7469
  Batch 4500/4682, Loss: 68.9416
  Batch 4600/4682, Loss: 93.8014
Epoch 19 Average Training Loss: 64.2691
Evaluating on validation set...
Loading and preparing results...
DONE (t=0.20s)
creating index...
index created!
Running per image evaluation...
Evaluate annotation type *keypoints*
DONE (t=2.08s).
Accumulating evaluation results...
DONE (t=0.05s).
 Average Precision  (AP) @[ IoU=0.50:0.95 | area=   all | maxDets= 20 ] = 0.264
 Average Precision  (AP) @[ IoU=0.50      | area=   all | maxDets= 20 ] = 0.595
 Average Precision  (AP) @[ IoU=0.75      | area=   all | maxDets= 20 ] = 0.189
 Average Precision  (AP) @[ IoU=0.50:0.95 | area=medium | maxDets= 20 ] = 0.240
 Average Precision  (AP) @[ IoU=0.50:0.95 | area= large | maxDets= 20 ] = 0.301
 Average Recall     (AR) @[ IoU=0.50:0.95 | area=   all | maxDets= 20 ] = 0.412
 Average Recall     (AR) @[ IoU=0.50      | area=   all | maxDets= 20 ] = 0.744
 Average Recall     (AR) @[ IoU=0.75      | area=   all | maxDets= 20 ] = 0.398
 Average Recall     (AR) @[ IoU=0.50:0.95 | area=medium | maxDets= 20 ] = 0.367
 Average Recall     (AR) @[ IoU=0.50:0.95 | area= large | maxDets= 20 ] = 0.474
Epoch 19 Validation AP: 0.2637
New best model found! Saving to 'deeppose_best.pth'

--- Epoch 20/20 ---
  Batch 100/4682, Loss: 60.4383
  Batch 200/4682, Loss: 62.8122
  Batch 300/4682, Loss: 42.9880
  Batch 400/4682, Loss: 58.2043
  Batch 500/4682, Loss: 47.8278
  Batch 600/4682, Loss: 81.7017
  Batch 700/4682, Loss: 43.0750
  Batch 800/4682, Loss: 41.0686
  Batch 900/4682, Loss: 59.3002
  Batch 1000/4682, Loss: 97.9510
  Batch 1100/4682, Loss: 52.4546
  Batch 1200/4682, Loss: 45.1687
  Batch 1300/4682, Loss: 64.1900
  Batch 1400/4682, Loss: 59.1746
  Batch 1500/4682, Loss: 56.6760
  Batch 1600/4682, Loss: 69.6745
  Batch 1700/4682, Loss: 41.8545
  Batch 1800/4682, Loss: 64.9829
  Batch 1900/4682, Loss: 41.9977
  Batch 2000/4682, Loss: 98.9283
  Batch 2100/4682, Loss: 53.3539
  Batch 2200/4682, Loss: 67.9962
  Batch 2300/4682, Loss: 67.5352
  Batch 2400/4682, Loss: 54.0684
  Batch 2500/4682, Loss: 59.9908
  Batch 2600/4682, Loss: 68.9396
  Batch 2700/4682, Loss: 43.1292
  Batch 2800/4682, Loss: 65.1774
  Batch 2900/4682, Loss: 64.8580
  Batch 3000/4682, Loss: 37.8709
  Batch 3100/4682, Loss: 60.9353
  Batch 3200/4682, Loss: 38.5740
  Batch 3300/4682, Loss: 63.0393
  Batch 3400/4682, Loss: 52.5746
  Batch 3500/4682, Loss: 48.4347
  Batch 3600/4682, Loss: 76.2135
  Batch 3700/4682, Loss: 55.7219
  Batch 3800/4682, Loss: 61.1804
  Batch 3900/4682, Loss: 48.3994
  Batch 4000/4682, Loss: 50.3461
  Batch 4100/4682, Loss: 54.8339
  Batch 4200/4682, Loss: 56.3936
  Batch 4300/4682, Loss: 41.4669
  Batch 4400/4682, Loss: 57.0326
  Batch 4500/4682, Loss: 48.4934
  Batch 4600/4682, Loss: 55.2917
Epoch 20 Average Training Loss: 57.9776
Evaluating on validation set...
Loading and preparing results...
DONE (t=0.21s)
creating index...
index created!
Running per image evaluation...
Evaluate annotation type *keypoints*
DONE (t=2.11s).
Accumulating evaluation results...
DONE (t=0.05s).
 Average Precision  (AP) @[ IoU=0.50:0.95 | area=   all | maxDets= 20 ] = 0.267
 Average Precision  (AP) @[ IoU=0.50      | area=   all | maxDets= 20 ] = 0.609
 Average Precision  (AP) @[ IoU=0.75      | area=   all | maxDets= 20 ] = 0.202
 Average Precision  (AP) @[ IoU=0.50:0.95 | area=medium | maxDets= 20 ] = 0.245
 Average Precision  (AP) @[ IoU=0.50:0.95 | area= large | maxDets= 20 ] = 0.307
 Average Recall     (AR) @[ IoU=0.50:0.95 | area=   all | maxDets= 20 ] = 0.416
 Average Recall     (AR) @[ IoU=0.50      | area=   all | maxDets= 20 ] = 0.752
 Average Recall     (AR) @[ IoU=0.75      | area=   all | maxDets= 20 ] = 0.413
 Average Recall     (AR) @[ IoU=0.50:0.95 | area=medium | maxDets= 20 ] = 0.369
 Average Recall     (AR) @[ IoU=0.50:0.95 | area= large | maxDets= 20 ] = 0.483
Epoch 20 Validation AP: 0.2673
New best model found! Saving to 'deeppose_best.pth'

--- Training Finished ---
Best Validation AP: 0.2673
